Content-Type: multipart/mixed; boundary="===============1750195281784781740=="
MIME-Version: 1.0
Subject: Thanks! Your booking VOEC-0BLP-ILVC-8F7P is confirmed for Sunset,
 Fado and Tapas Walking Tour
From: default-email@example.com
To: kivaschenko@protonmail.com
Date: Mon, 01 Jul 2024 11:47:55 -0000
Message-ID: <171983447569.371318.14511677100974806716@teomeo>

--===============1750195281784781740==
Content-Type: text/plain; charset="utf-8"
MIME-Version: 1.0
Content-Transfer-Encoding: 7bit

Congratulations, K. Ivashchenko!

Your product "Sunset, Fado and Tapas Walking Tour" (ID: VOEC-0BLP-ILVC-8F7P) has been paid.

AMOUNT: 109.98 EUR.

You can download your PDF here: https://onedaytours.pt/en/generate-pdf/VOEC-0BLP-ILVC-8F7P/.
--===============1750195281784781740==
Content-Type: application/pdf
MIME-Version: 1.0
Content-Transfer-Encoding: base64
Content-Disposition: attachment; filename="Booking_VOEC-0BLP-ILVC-8F7P.pdf"

JVBERi0xLjcKJfCflqQKNSAwIG9iago8PC9GaWx0ZXIgL0ZsYXRlRGVjb2RlL0xlbmd0aCA1NTU5
Pj4Kc3RyZWFtCnjaxVzbjiS5cX2vr6jnBZTiJYIXYDGAZBs2BPii1RiyIPihqrpbttEjY+UH/77P
YZJ5qc6Knpkdr7a3piqZkWQwGGTECQbTnx3+fuHxTxE/lVJzkvPt0+nHk5uytrvLj1a8/WNhrnHK
zuWSzwm/cpRYzn95Pv3+9OdWidNSgpy3P1LIoue//On0y4uf3PlP//NuRdb9l9Nv8ffjCXV7d/Yh
ncWN53zj25/ne41/ErQ+C/+VVvrL/7xKyim/6EXyS/GXl5RDvmSX4vMtpahP/vy3/93a8Wf+bXn/
9cfeDKSoIU6SnGo8xzIV71Ty+SMa+NW//fCHH359Du788eX0x++di/WDz/wOzoWCT/rwixBQ4B0+
EQWKzwsI4kzI8nBj2Qcf25P1/qkrClDoL+2pfz9//M3p7z6+MwRb7iklHyZfJca0YzssbCeHSvBB
g4rfwt8YFQdOHbmuH7SATgQflGvo5TI/wzJex/zBh0GosX+nfvPyIeqoBBXLMz63XsFlrSCy52yh
caRLj5suxCRQ51B8YL/w/1uV2JA01aBoKIn2HWTWDH16uWi4+RqchKfLBfpxu8nL9QW/VK7Pi2Z8
pqpvBZ7COeY8lQzd3srby07euYtH++87UVBElIKkTjdoKBm/6kFr9W7IyUFNU/Qlam0s/PPf/MM/
/eu/YB4tLPhR1TzcLu4FLb5MXgpn4yNBb0j+aoKW6MFDVNVjSYfcJRxmhaRkNfh4efomUhapk5ZY
i3yxlOfl7cfTZgGMMQzN/YQmN5ev7dKvl7unNuW//66tq5uyMNWqrmaub88nxZXzVR9TeD/V4mKp
BkmeasYgyWMSrJg1uZyLQVKndhUfk0SwK94noxaYtxp9pMY/JAG7watmQyxg1/usRi0KdiE5SY9J
kk4FLYl/TJJbeYzGALSlI6ghlhKngpkRjEpKnYqG6o1RrOAW08cbo+gdbsQYnaUMDvyGqC5aOgWO
MUi1WDRgmXpnjIEPOuUqrhhD6XEjFwnFqidmuBoi2RhMrCoTvKaUvUVT4UVJSVY9Cp5FnUWSwHLU
oNa0TGA5KBYca16CZa9JrCHNYNlxzTJoik4J0zdaQ1r9lKCFwRrSmic4YBKMeoKLU8J/Pls0dUqa
eOMxjQfP9EMMOYcAnmMOzls04DlkmE9rcQPPWC2qRQKWuf4ZQxpEJ60ZfwaNehiY4rO11mqeNBdM
L4MGzjUkqMkaigRjpiWrtWhn8CylWssTiiaN1Ys1pAU8hxrFGlLYOIWtitZQVPBMI2IMaXQ6Sa01
GPVgHQSNszQswuzBhkdvDGkkUsD0sriB3YO3kZ0xorAPE5aMUo0RjbB8It5Vy37C9GGJD6VYNhYs
w2gV0w6DZ9jhbIxohPUT52G6DBqYvwhPMFn1wP7FEkKyZAgLiHksao0oTCDcgmSNFkwglt0iBg26
NAGTWqMlsIAwkiFaNLCApAjVogHHdGWsemABI6ykt1wi3Aiwkj5aNHlCx4MzRkJgAeF/i7N8K1jA
kATLmEEDCwjLlasxogITGFBZSRYNeI7qi1UPTGCA85StIYUJfMcfFFjAADCQrKGABcTqVC0zILCA
viSvRj3wnCafU5Ri0dTJp6RiDKnCAsL452j5uYFwKdVoObqwgHCQfDD9ZfAMKxm8RQOeYSW9MaQK
EwgHMnurHphAXFSnFk2eXLEUA5ZvAlzCvLBoKiBnEQv7KAwg3KdkgR+FAQTcKxb6gZ2dGOyx4I/C
ALoAu2XVAwPYYIkxogkG0LmaLI1P3uG6Fst0JZ8IH52JgUIgfgwWCEqhEECKhYIwH4ggLX8liSOC
LBYOggNPCOksIJQ0EEMGCwklLQSRgB4GTRKiyGQhoZQdYWS2kBBcZuBIXy0klEqLDXgLCaVSiCSj
hYRSFWJJtZAQnGqCyWwhoezAM6ybZW6xpBBNWutB9mVq8NiqJgjBpFpIKEdHMJktJJRjApiMNRpD
kSUQTHoLCWUpBJPRQkIAiQSTGoyhyIkheckWEsoJPMNMWn5qzoFo0ltICMCEaDJaSAj9JpoUK1iE
VZlo0kIec0QKCuSg8/ff+90CTEG6fqxjE98KWJmUNT0m8DPBy3ctpvYVkUTGyGOBmcFqsgsklh7J
uxZxzsscxPc3fHz/vq5RvV11cD+xwlVpgcnPraEF9oWsoq43P94G9gN0GFMBarqLP67hz9Rj7bce
1PdziNM/3bX5uZsJWN7gWwJ1vWn7bej1ee5j2yhgSLWu+wFy7SHX68qXPH8I6fuxufAmTvp1owrb
ST+X43gknzYWF3zQpld80uZ37N/5W/CC2qYETIxZ+R5PMusEx6jxcC+LEYJnqL3vfgGaLpUDztH9
/XRY+opSTP27UsbeFkoBmLkv05nudjoqfd2Xpknn5zft5NHOhqO81vm2lHWiojfP60E7esinHvKp
B/3ctBMP+IyjzrH3yZA07KUjWGMQ1nGi4+du7HdN9SrkvG6jPL4973x+vaJVOpbZu/quounYxZv3
ItvOXul7Ivyd3lc82IilsVXxDkpfW1TR35UCG62UY0C2ZeuAHpS+7kuHQmzbGYqz5WhVvINS1kl3
8P75cNBOOOQzHPIZDvq5aSce8PmVirdt6kDxHt/+iYrH1RbepHJ/XI81ru17us0W8NhfvrSd3uC3
O7/x2yy7Coyg8BPeZS6UdQN22MzZVr0/DQh6eiuw+0ximCfCYTnUAS6se1PO0oVXWIuDUj9ob6fj
8td9OR3upZbRIj2nUbryt5beTsflrBtO3kEt7rBF94Bv94Bvd9j7tcWtpI7k+qUTZdPgWsl2qlgE
P3WyAAupSyWmd/XSl75Vfd2mRXze8tyi43MrO708LH89ofYpvSkPzq+8LiOzK92M73H567580ZJt
ixuN2vC308vDcuhOLZMc1JIPWtyVbvXysPx1X77q5abFjV4eyvVL9XLT4LFeWgRbvfzxpMRwM0ry
UcB8w07wctvnLqXjmHhWpOS65rYf/Ldld5RbTvmqT+l6reXibs/Vu6fyIprkEkouS3bHbzsya2sy
+n1WoOZSiqvhXDE4mXG3MFLUvng6ZcdQRyG+DlgbNDMv5UFKxpsUrcPsrGaLttlZri7ZWWZi1ir8
onnIs5Q4JehL0JbZsbl8bZdhvdw9tSnvmR2bssigHvew50jOhJWC+3IPKXyz/BUu52MSYGBuE9bH
JDQkWakZD0kAddqVGCTAjnTS8mMSCXDj4IEZFGXy6lMw+qwy+cxAviE4N1FwwegzXL7gihSjzzlM
ASoa1SCBNy4plvKYBDMQXmMU/5gEaxA3bqrRaaZ+Qb/FGmgXphgCFiyLpkxgxavRbe/hzSbMB7X0
Dgse4/fFogHPtThv9BzaMIlP1dIrRnEwCNVSLC8yCbM2rL6rmyRzH9KiSZPUkLPV94TVCIt+sPoO
mKYRC6DV9wwnQSqsjzV5XdvjL1bfAZi4xW9Vg+UYJlksDaP5S8xGMVQsONgQEYyqQeNhUVOM6i2a
NKUSuAX7mCbQhPig2aJhzNMFqymYvRyrT9Fa/ximLd5bXZc05QybZq2jCpZrcpaGBWW6sdRsdZ3p
rjFCDw2a3CL41soTuOmQPWoyaLjpUGGarK6XMlUmZFhdh8dbA+afaUPoLjFmbtGkqaakloZFz/0o
5ocaJBXXwgy2xzRBJwf1UKPrDIE7gX5UiybDl2n5io9pBNdzoolBA55r2xp8TKMKI4slzFt22Ldg
STZtdebGsrc0LGZuYgMrWX3PlVnosEwGDTfefcCIGTRwzwMGLVp9h48cmEFj9B2cwNrWImLRVJjb
kqvlhnjmZJhmQLhxAV/GUjEJeaKCWaoqMcLcSnLFoqlTLBEDZtAIk3WCeqvr6ltikOmBwVkVgdIb
JIwyaYWCWDQV1rZAQgZNZhZXDpaGCTPP6BBa/DDzjFkkVteZeaZCZGbQAOvlaE12dUzwgx20HFTv
pwRwUZNFw5zEWsVqKxBSYHUOFk2FtQVMMjQMomFeZ7E0DJKZ3nGqVZiuKtlbXVdAdYkpWfUoAG4K
yVtdTzoBamq2us7Ea8ZPrK4z8xoLVLa6ztzryLxpi4bJ13AeDQ1TZl9neD7ZAibgGcCkWMjE5al6
GB2j7zA3U4VxqmrRMBufaYAGDWxgzd47o+8JNpApIpaDmbjT6kBk9R0+usNct3CbMnySqqViCS66
S1qS1XW46AR33uo6XHQP8JytrsNF98CAweo6XHQvLZHSoAE2bpkvj0ngovtcoYwWDViGHY2GCDNc
9ADbb2lYhoseYHMsTJq5K4zpXMUCyIHZhFGyRQOIXC0XNMNDh0sXrDhHhocOdQ9WoCPDQ4/qvBXp
yPDQI/TLCnUACcDYFmcpGJxYGFvAE0PBABZgbNVyMzI8dBEATqvruMEQg7U0Z3joUuDLW11nTNr5
bEU8sJxOGly2Qh4QDFPBkxnzYCgcU9RSMExOGNusloKVAJ5rUguTFu7CM6elWjSJUV6xwh5FcEOj
WGEPLClTyiFaYY+iwm3gaIU9viCBBqh0KgkoDk2uYUSo1nqu9iGR3x6+/a4dyLMSUQ7DsPS7ArOG
Ihp4sAXYD77utvtqz1DJPRtkbEynft9tTpMyg+X2IbfjsV+dxQJfEkhDiA72/L49qrk7vTcfKBT5
EB15vz08tbo59hp7eT/n2XbYL+se6O7gJQUI970Pj2//30Xp9yR9F753jN++zKH5yij8S3yKNV7K
7UVjLk9XCRf3hD4xdXA5eMn9iOCZxEXI/UatdiehqTOBaWFln3G0nIDWcZQ49s+m6yHuT0PKOAJ7
66K5Ex+zh1odeSMiqOiUmDwU3xXVMeljkV2DK/F2vb5c/MvL9cm7l2c45uVWrj49J7l8lcgEq/9g
whade+4JSGVOAnIjUayOJLF+/zrvVrTr0j+3vRZV+IV9NXmkRRuS/gqAdQOxbe/cXc4vBlhqmzeE
3mwi7Yg/nWr7l74cPPB2s/3m3te5nm/M6YNzyhyyUY7aaxuR03wn9ibnqzzfZ57FedQ67rBGNH76
D7TqW55kaG3nFk4YJZ6eCobA83CDW69bpf33/Mz41g3N+NW42z0/6h/PjutW72h7PDO+F5rxi9zb
65g//y+k9ht8/usk539sG35D2mXKkYf8PdMkAZRZAgOEX6MkM1bomMcHOAS4vVzD1YEWof1NSW4b
QVMIEdCBPHv6HqONfn071QnwI+elBCBTFNZz1LC57m0sJZ0L1BBdWbm878f7Ull3T03xlMIzvnDH
ChZslPAQDCDfUgJvBQsl1jlYOhiHcUkQwZXjtBZgXYL3zeRyge/XRg+QObfDMMslpVkZEtwQJCDe
iAZK9AxywY7DS1+uKRs4efDNRglwmS/kzNWwuUoRLmwjbwVoGOCkSRLQO7d2GNfCohfBJw9sJ0q+
0GUjCAZ9YOh5omPqKXFlUvq4BurOqbQH5gKggFi5i0GFYm4vnL9M9wfq7oHgxzU5ii5wl7mXoEN0
xVkBVtPNJUHX3GEW8FQc/VZ8xwDWeXiE8HgmPHMl56FMTCa4IY7hZTjwkB2VRHwTLXOVy3INb5k7
Uy0ZcC5RbnkJXxoy1zBG/V4vfqK63Zf9+UHZ1771AOtc4Pk3gUF94LSMV20Ud3m5zQZVNmkkw8ka
Zbp5p8e437IA7xObaTbgsmLuwlfctb3ur0v3cUp3BnZvVFj9oub/6Mbo93eI6G3vCCy027q6w9j4
5v58OEjCJq+ATC2o8SAXINRZTsNJae3/P/Dfct7K+l6V+3d9DEdplG/fvdIc31tPl37ujmfZvM0i
reO5ONJpM7bbvoXe/nXvaO/6rJt08ff6eul1yVq2XA/ey15uQ45D7wYv7dmNQzj6L2kj+7zXhbfy
PtCB6niyN8z6+sfv39emZUQ+A6K46zoCSy+20qq9/DaS4d9y6OHBTaJlvEXk55lSgy68fRPPo+nk
nTQIOOb+zzOf+iiM57fHBrYZy7s5tdGdARrHnBh5p2/f9tJ5eXnbrtT1/UitzfQFc8utbelGe5Y6
tu1cxjuB1ozsN2vFFw7mZ8+ju/k+l2/fgHMEee7QP1+NBT8hPVxxvzU8XHrlviYMUOGsw3mHj/ou
44fDvR2CtIpwYdbtl1Gr8+2+7/fdPKRy19n7UIF3GegjJE3hIcrb0vzcwYLAt2REuIBwvlrWGLcg
/jpRA76upGVovieyI8IvgMdEvDyNRmih8IulXRE/JGrZVGMt+dwyNuC8ASAl5sfcTnHS2g6/820f
zM2Hg180EU1qFVLCDW+IhJvjuWFVxdgo3V5GqVB3hOcPezc5IBNeM2bfHHdJzall65GHWwgZ2IIw
QZOoTXlOkq98gbstzB0jrBO+tgaOentHQgMgQEqZSJWdYbsxAVp4BtK1NqhQK9/VxHwd0dharvMT
UlNzzEsmstSpEl3NGJpHYNhGgvuKxsFybd9upgwz1IQoywykXZrhK/oirFpbO2VcdLgtNRMRQBk0
s5qWi8Oz5uxK6yNP8qLLdQ41MLFFKJRQmXfBw9CltMGDNdTzPKg9tKB9fCEuna8SAAREgno9mqFA
uHI04JHaTx49Ip5ZaIhqOHrt8V4nq8f4Msbh0QAPLhCIpQwMfJ6vCrMIPHEnyfLcRIGs89xEZfeA
/VJwkXibgSI+hElYyUed+9qKuRdcZZZlkwp3TeZR4uD5Bnc7N69gLTROP/GbIc/GiwPUZLYYsSIh
J98JBlFCpuRN+Wq2xhqPJNADa/w3pDVft94JkRkpW5vz463NUTM5U+HB0rllPlVDuz7XPiqhDcoQ
K6+GxLlh23pJnN46Ffnj9dRHbb7fh3OuMvTRoFoo5YyawSJxNuWs4GuOjFQmI45rvljJxTamJG29
6TW07jATSf3cnfkUA0/cp3kgGBQaw9NK26gxctOfaqMq7amZp8YgjxU7doeHTSbuK6a5JVHQ8jx6
0BbLcWQJXeUC2uIqNbK3tYX/GpsS2vIjrs1Dx9cJCRdwRleXZmYdTdzv6g83RS2eLzHqtfMNQUDm
S+uE3bE9i+nOUBJZ5PvhoktLE3x3BYN9nYN9G2y1P9vejTfX2ObVaMwzZwpCHcxwnoVRDUbEzZn4
oxmuMMp3PHU2+HoWmrm1lSbeLqfxfBNyk+Rc/ZDzaLwPwTz3u8zm2d8FOpoZ8h5s3Df0dWHAh0GG
LzDawedu/94x2duNkbAxydwMye77z7LLn++q8Y0/HhayGbR3ODtEIW5cr962ixtPuS735+0pd4wQ
dqj8pTsksmLAdq9uEPTlyF3cOCaGCH74e2DBsbc3tbPkESPMNBXwFWKcRdHB7aeWpBAL/CPd3Xg9
/e7rAk33DZnaMEZ99llXIQ7fl/keuz09v4E3By/dXMNdd71auRhuuezeQvuTZJta4pdnstpetpmv
6OtnY76FbO8bMmW7bJlu4hUDvY0tyLjq/HLgv93fHUxZ/v4PHW81QQplbmRzdHJlYW0KZW5kb2Jq
CjE3IDAgb2JqCjw8L0xlbmd0aDEgMzUyNDAvRmlsdGVyIC9GbGF0ZURlY29kZS9MZW5ndGggMzg0
NT4+CnN0cmVhbQp42u1de1BUR9Y/575g8cXAAOKLGRAIKoLAgFhrohHxjS8koKg8R0B5KKASIMRo
JWpijEU0om5CXNYYxaiE3biGGBdjvuQzhmQNUaLGb6VcLSWuSeVhhOn5Tt+BkVhubfJVff/178ft
233vOd3n9Ok+91LFMIAA0A+eBhnmxMcnznq57eREgE0KXR0yJW5yfOix0AZqm6i9cfb8sIjlwaNW
AWAytZMy89OLApOmHwGYk0PtT5alFxeBCxE23qV232UryqzegzYfA1j7MkD/uJzs9KygPw5KoXuX
6IjOoQsDLg1Kp/6M1B6ek1+y1u7hfZja1GfCsRWFmeme591fBZgbBRC8JD99bZFnA0TS/bEkbypI
z88e1Xci2fPsBbrGigqLS+wXYSGNf4HfB+6btOTYJxPCE5cO+P0P4OcKHJdSRizl56v7p9yyt7F4
12rNSLKuIIEDpOeSz4YCuJ6zt9mbXav1nnrB8y1+hcoImrdujQeAynapCVQANVKtoeYwx1k+D1bJ
g8zq4yrLmiJJytN0cwI4x4Y51slZZLupEzQjM+Iul3xsvz+CchasPZLSx/CbILtBvjwPCun8OW+r
2yCDjusPk6Xrm+iopCPvYfeVOtjCz9oYcNN8oUm9Alatjs5rHIfTxnuOuhZJ133vX9fID/UyNGnd
/qinoFotBbeePl3Pwfhf45NqhWT1ONQrJ/RzqpoPyfp1Xm+AeukE1Ovteb3qdF2tcujp8/Id6Z+C
PPkcDKZ7tWoM+Dn7jwFfEBAQEBAQEBAQEBAQEBAQEBAQEBAQEBAQEBAQEBAQEBAQEBAQEBAQEBAQ
+JWQ3WCdmAWBfwd1m71NzIKAgICAgICAgICAgICAgICAgICAgICAgICAgICAgIDA/ze0cggGx3+4
4/8tz0gl6mcFjtF5BJio5kblaBgDsfAYxMM0mAlzIRGegGzIhRVQBKuhzORrqu8Eux34//YbBeEQ
Q7ITSXYGzIb5kATpsAyWQwGsui9rb/9PvNl+88LAQw/5D37/dxjAD0KJi8nq+9wMX6BHL04n5uBr
eBbvSUZppM5Y4gLJqnOH9K50R7ojh8txxBS5/CH8i3xdMSqTlbXEvypXlZ+Un1RP1Uycpq5R9xM/
0jQtRJuv5ejcKCgoKCgoKCgoKCgoKCgoKCgoKCgo+FDWCP6C1wUFBQUFBQUFBQUFBQUFBQV/K138
gX/XbT67LMXiev79uZ5mgxzg+Tnm/NSahetZC3seS0miEJukdukK/4tCkjAXSiW2F6Qr7DLX/hxA
1+6+R7psJ6lW8r9BzLC3q2HqHegDPiTqHhTgrxncvSMjotEdzCYw6KX8Vm5FRV5eRXkermMn2Ves
jZ3ECRiMQThB6sCB166xG+zajRs4kG1h+ViNxViC1Syfxr4OoCpqK/8mWxpbNQSSAQbzHUxkf8RF
WICJnR3oJp+eitrUTgv7kTQ2ASi3SUPjGl5oRvMmJdt2nG2Sgm1j1Na2TkU5zv9yspIs99AtD4Aw
st1f8zJywy1RQYFBQZao4WaT4mXUXLy9vYyK2TTcEhXt2SNAXkofrygpWbF81SpWsXEzDkIDDsBB
z2/cuZuc+5pdZud3f5eZujAjY2FqprRndUFBaWlBYWlVyIGq9z48faLqQMiI9176ur3965fewwUp
aWkpKUvTaDbzyKb+6m0YCMMBYgzefLgYTQvwB0tUz3T6B2GPDWTw2dT98+pPGuJ2LbzGrmMsuuBw
nMA2s+O5J7Eq22rNpsOMxpEj32+KiMA+X32L/mw128leZCl+0u3165/ZsOGZ9et5JLfQvPnRfAwF
M82GmdyNiYnuHsjFEB0dGaFPh4umeakUAuk0e+XxvAmxlrSkuU3Wso8Wf4+QsGRC3Aj2CubScXfM
vKqMcVGpo+NnT3ocx4145L/ez9idEvvojNC/sT18PIqoFkxxcuE1NMtm1Ckr8bZ9S1mlFIJnpBBW
aduPNZ+gO7ujtt4bKQVK83jsmmhVbCJdVzCAibQdExJg8OypoCNqZKceRNlj0ZIli1qvlpSWlF6V
plZsZJfYl7Z10uMYgz5WuXpOwqy57ANbcUZmejork3yHN2+58IXa2tSSX0MrykpRSaWZ8QUIpGA4
whDh7WMIormRvIwePEpqat4/K9nzbCY2YmnlP/OWf1b8aUfHp8WfLZ8XMxZfx2y04utjY9iZaXHs
7o3r7G7cND4L5IkWq3vC94+he3khme3j7eFllFw08kIav7nj57vf2H7AHZiIs9bkWq25a9kRYp7S
0LXy5pWvb2BAekk2u/vGm+yn7BL+FeC8Z+Uf1HMfx67tYZMywLZKWmarkeo6L6qttFJv0nHAsdO5
zhnS+V1vHacGq+qRtz3XLS2NJ+nuvNBEm7uKR6n7nrbSuW8psPSji0gj8X3bGNmXDbO9xcVtVySz
bXzXbWmmrbGX1WqPBVxFt7Qzgdso8WhoVmfG6Z5/D0uUJPekGypl65Hm5iNHm5uPYg7uZJSwWA1b
hjVKG+vquMW6ULnVgQr6sCy2ne1gWbgH83A57nFERF9bbuDJbeDrRzEHGMzO4DRJVTgUx1DqbGes
Cte1Fj35ZBE5cvOWzXZPOcGW5mdlrdAtZa26pQNgMPUZ4DSPokqzwS337rZ86zC2lVmxBpeREdvP
/zeGsm2s/UjziUZyYTDuxBXcOHJjWxd7OZUd0RRy447d4QXNWjWt0FAaKZivoaDu1ODj49gE/sOD
Dd6Kw/jgYEdqi1CUM+U3czZvSCmt+/nv7CI79yK7unUr9ql46tlFG7f/TwuasH85Kuo+9kHM2Jlz
fj9poDnik6afvo224OSZsxIT4mcOM4f/veHKnUAebYqymqfvZee6cVPTmIFVMXe+ZjoTlIZuOX3P
67mZLwmzG67HF/B5XG87zywU5AYlgRYQ8m8rd60myb49knp2QPN4XIkSAj0hgM4FrJbFsW/Z9yyO
dE8p4/lxb6RS2LmN5j/Z3q6cVspp1MDe+d0SaDBbeFLVZyKyV4YzKdLeopWL5mZv5ilsauO6t9oo
q/ufe/bF4g8XFN8owTDsh3dnTo+btS0/5Dnbun3WxWf2nj42ZMHs0aPRMGTov3jU6ykWSzQjrc8h
lC96pWqZ51C+BmjkYC+aIhmKy8qKi8vLy6c3lragG/uxpbRxOtuF1uv7a2v3v/naa29KrRmL2TvM
RnxnccZe6pbmhvtlIb98e0eb5yBDr+ykWKZVz97xxhs7El+ZkHjoCfY5O4BJGJZ8UBnPLkWEH/7D
Hw5HjGEX/fwoBXoRY/zI9lT+/KFB3LntyMOoTxTvMjLCW+7tzD7+FjC9obSF/YhuLSVv7+W+rCor
k5uk5J879mam4jSUidMWd33MveGHIyaqG9lu5HsCvczeDxhuAtURD9Wt691+e15Y+U1lFa2iz9hh
nIH+6Irj2Utr0nKecZcirU89NSmOdYSPQQv6oAeOY83V1srSAu4Hi1f7K2XkxSOOnK0/QMkFH4vZ
8QwNdjxcLXKvx768j/w5y77HvmdLG6aTfwdZU+4HmUsaFx2p6yisWFtcVFFxIiMVJ93rxImpmfu6
DOw71m4yo0+0ZVedrNXt2PVa3fYddTxG9bQjPGgm9axuthho6zkipe8OvhK8VQ+2s5+719TRRU/z
mM/9S0Hzx9IBW1Ih1lQXDAoIPlRja9OMtv0Zi2/r64oK3qPce5fVo5Xrsl1KWmetZmSXesYuI8lf
5l4SpSxXa7ssJbAENoPt0oxdR3E3La29eI6FOvS6R9D71/vWjD93OP2huD3UH6//4M/ubT3+KGl1
3B3HOgim/rqzeK8g9Mri0t/WVFauKa2oKCUPJrN32RV6tforTpHLD77++kF+ILCPWAfxIxyLRuJY
PlMsSV1CfeurONBpYPfW8+w1mOTBLe21++poNxbTSt5ra9Tc6nrtPTmGb0d9ETtmQ+6gEQzUeHAa
fOSOsMVhm7fznie/Xekx4hE5zNvr6J9sXUrasYJsWSV9es9TMpTyB/O14sjXzsXZk695t4pP8ZdL
rZkz0h9DzxPsLrtX+E3l8n+U5OZNy3/sXye/78r8ijb2nfDwSMvI0X1+F1B78O3GgAB0j4oaFxse
1s912N4/NdQP47bTvpPr1Ff5003f4QaajEgDjWoxBBgiDVIkrmRbH009xs5+cbShQX2VNduBBSbE
2OHoF3iR0u6jvJdaip+mpPEc5EmeG/nDzMdhtTNtBNVijtTf4D2FVgRfS3P/nN98Bhul+qJF7JvR
z60ZHBBUXyOFdNbu5WsCwY/WmC/1ef/p4Edr1ge9cRmbwtYoaV33ZK2zliR9aX97kOSAHkkaLsDC
M0mML6mEkpVWFjLlvd0tRYvm+7gpaTZX6W5n9Lvbb42b4Uf66+RkKdb5lkG/D13DxPbWLHpUtbNa
TAO0t5F/rvREHdPzzhccEBOpxyKGKtH33/80F7OLWdPjRxVHOlNdl7YUsXusZkZbcgYSjievm0Vv
gFpRy9K5xzKr3g6VBicxT4nfOpTCWiMOP5X550T+nqj+cKq/35ChpgGnfkSJvy0mzC5ffcp9+PB+
foZTTz45ezafe1o12hbap3z1eAX4u2heXvS6HhMdae5pOV/3KKL6HXnLhzOHDcNdVuuX6KFXI9in
bBejqDQ00EXNeGvwkLiEhHeeSNYrduiqldP4QW/1dJF+i3SBhfyTZgq9G2K4/tkzXkfwppajLoEr
xnfXZTBhQndd6VVXYSAWdNc1GIbPwiQohCIog1WQC8sgB0rojf4RyIQQOkdAODGSahkkYYLHSaYE
iulYBdmQDvkwiq5OgwKSH021ibCCaIJ5zr6K9VY2nbNJZzWVWSTp9itGjXaOmkgjraax8kingKS5
Hemk89tGjKNaHuklQSlJZJJsut5btq6Rrntkol4KqCwimQzqN5fkTKRfSKOn6/ce7Ge+3ksxWVRI
8ln/5q7JeT9Jt6qY+irUR4og2yIh5hd6PVqhTi3HJw0J9gu0Ch4Oij5IdrsuqX/671Lw8mf0c8qI
pc4zv9PXqcGfNfzTiwMokyJlJCOVgyhrI/gTkX4LDqFyFBHJzjAqIyCKymiyGCEWxlEZB1OpnA4z
qUyA2VTOJQ8QFkAKlalEdOty6wLss6HPBkDPQ56HQPpfLyB/xQplbmRzdHJlYW0KZW5kb2JqCjE4
IDAgb2JqCjw8L0xlbmd0aDEgMjczNzYvRmlsdGVyIC9GbGF0ZURlY29kZS9MZW5ndGggNDc3Nj4+
CnN0cmVhbQp42u09a1gUx7LdPTO74BOWBWJMFFweKhoMK+BbY9SgQQ4qmgQNsrzEB4KuxiAkKCQg
lxAUEKMiIgJykXARjQGiRoMRkGhMkGuIeHwQxfgknuSosNOc6tkF0eP9kvvr/rhTZc/0TFdVV1VX
Vc8iwyKMEOqHNiAOBc6Y4Tc7s+n4awgttYO7L70xbfoMEkLmw/UEuA6Y/Zqfl5/L2qtwnY0Qnvu3
ea5uSx9HfgT9cBhfEByhi+IcuZ8RGgPjKHOJTh+FlIBoqRqu+yxZER3WkB7rh5BfPkKq2PBQXYjj
noGpMHYHmkc43Oh30Wo/yHOAa4fwiDXv2512iIfr4zD884rIYN35BT+dRmjsKIQGronQvR/V9yjy
gXEvoLdbqYsIdb478RhCS0B/fD4qUr+m8yLyRyj8dzaOmK0koMK7OTpocf8Jf6DBZohB8zvDF7Pz
taI3bne2iwblKmU6XJohgowAfMoI+jK71dne2aRcJUnqAX0PsTt9K9Fs8KOJ4xnAfD+8GQkICVph
O1wOMp65CyiMqECt3gqOM+MJ4Z/l9g2bHoKmgPbRCjVV4x3KCNzyhIY/g8K6KEkKei4oJqKN7MwN
RmXQ8qV7h1AT0OeQFhQC54ukHDSzRUnQrkLLgpYNLQRaDrQ0aEXQUqBtBNq2580D3kwSopGF8AGq
E7KQXjEMzv1QHb8D1Sm0SC/puAjVddHza419wQDj3kjPNzwZE9QoiW/pbJf6IBP9ReBbUQzwVvFh
aBWcV/F30CryA3JlfUGFqshYdEKiyzP2lfWoit3nr0v0VYyOmwXXLiiS0yBPGCvlj6CJihS0QOKD
PpJBBhlkkEEGGWSQQQYZZJBBBhlkkEEGGWSQQQYZZJBBBhlkkEEGGWSQQQYZZJBBBhlkkEEGGWSQ
QQYZZJBBBhlk+H8GPEJlRiSpcGTA3sBjb9Sp4YilM482wPklZAF3+iA75ISGoXHoDTQTeSNf5IcW
oKVoHYru7ERIGh2KXNAUadQHzYNRHVrORjtb/id8zrt7fwY+gMtREmAu6H0U1aELWIkHYR/8H3gf
vkBsyDASRUrJ10+QG835ckncl9xl7iHfh38d0FfCQMD3+RL+e4ZCH2Ew4Ojn4gohW6gVHimGK2Yp
khX7FUcBLyh+Ub6gHKsMVWYqTypbzAaZTTYLNltnlgl4UEYZZZRRRhlllFFGGWWUUUYZZZRRRhll
lFFGGWWUUUYZ/8/we7Nms0fmavMh5pMQQRs7WwQqtCFzNAohrFBYq220bh6eGHt4eGoVRIk1zgqF
ZghyH+3h6eQER62bja21k5NmCCPFDxbOP5+7uHAmjcGG8VMVVX3C38W2hrTwXxJ+o2cTE0e5/b1i
XsH8t3KmLU0Yz2nm7Hk7/ZvJU0ia+Oid+tUfUfohbcl45y1sdWHD1eDJH0zI+9bB4bDrq5Fva5ew
v8NZRh+QGIUK9WWaEWu1ylbjRNxHqzxJTGJ8wse5WVsztylUN+ik1lY6/vptfOrKZXzyDuPMB85I
I6eV1kZlrSZKjYfKfTTJB6atWbkfJyQoVHfohMtX6Ljb1/G3ra34G8bXhJBwUeBRb7iwtLe2t9RY
2rvbW3KlZKTYUCQ2kJECLzYUs04xGck4cjpVuBpR9vdHPbXWnMaqrSF/41xaQo/jKWw8BF8mcSSB
/V+rFQgMIQPF6yQhH0YuwnApcHISp+ZiQwOl0l8f7ZxKyoVGdh9rsYaYFYuPioXGxxGwWkmdLXwa
rFZvZAujQ4ilhUrrprK0IM5uyNICwTrBkaRk79oF/3bt6sDm9GFHB32IzQVfeoZ+B+0MCNXi0Vib
S/U0kSZRPU7F0Xg9ToW5ryLE+8PcvUAne0vB3VHLvEDxLLodh57Gswz5xbzeq8KrvbEYqLOAehZo
8xJCjkDm7oE8PTzcR7PYULp7QKTw1mqFUoFwMjlh8IZ5tLrZ+xIXN7y//vzbN7F6+sIB9Pfi4uJ1
eMu4iG0z12VNff27V91ufrOoIOplehvkZ4O1epA/FGy1sbFW8/ZDnJzdbViAslk07qZOz+m4yVv2
0nP0ZkDNMr/aiGM1lQWlh7fm7P1s3rHV+rp3buA+n3KOg09uvvTA0bH6VbestI+2Fq6L0sc4OB2y
s/uhPHY/+5/xELArH7xApMjD9pzWEhZIigVOQQmm7rSxsU4MEBwNLdwZg7aI5uLAamM0tPAhwPmy
cbUtmVbIWo2eVhz0vcQNEHNHvD2iHTvQ8/R+QHW4//Hln58+/fmcPX5CYzFN79+f3rv1G/3Dzq7+
1VGHs7MPOziBPmkgP0tafwe2/qZsBZlYSknCdU2osWORYO9mQ/I37d69CRo2997pXdvQf3z58qtY
oG3XqEjvYV880HsnN74qb89XX+3JqyLRFQ5O9AG9/9a79P7tG/SWFBtBuGAQs64I/BIO1ikk67AG
2xdxx8VrDZiKWqFxQftGwQWiNgV0TJF01CDXp7V07KogLC6kFdUMcYA7VuonriEpmwsKNm8uLKAF
8Vs6/36ZbtmYvpc+fPiQPsz32pIQn5ERn7CFfLsjKWnHzsSkHQvsyjccPHfu4IZyuyGn0ppu3mxK
O4V1a+Lj10Az1jc+CbR5gXnMU1oDlZWpoiGt0UtDnHDX7KDqVe/sN8FP48pXXKEd2OIa5rAlPUCv
e2fjSSZfDgYv4b5YtWAR7n/7BraRMmk3XTiIbOvyJIujNrC+mteAT5TGHGdh1NbQwDKd11CWzzRb
uUrIA195A20PL2CmYle5dddaSnnl7OTAYsdYCm14VqdtFcyFzsay6OEAOWALfrVAAmn/NDYmdfP6
6DRiP2HnkpILP+1fkj0+Lb1g8pRw2lgWcy1w1wF9xFKs3rXxcbj/B7Tps0pasWFD4qYPN+K5R8/j
5TFv/o1+Q2+SAWl78z/9pCCfes2e+bi2tv1N7wTRzubygeVHfBNSXpsSRr84sZveWhYe8dacSN2S
hA8+wDOPHsazPohLKs0NuhFDH9NzCrDUAipruJRTvaScYqWNs+c05Ai9RxxpzHUy9sdN4uJNjUI/
cQBX2u6C4+hG8FwdxNwd4DNDlshOqspGF3V3HO17hpM9zsDT9u7atZcewS6ZW7Zk0t6Eb23fELu1
gLZ1iDdJnXgpKeWTj0kYnRS5elVU4fEDyXlqu/rPan9mEa6H3dAZomUAXLCMMmWRh6c1rEdXSgnO
Ya3xnYi2YQuM4lvDlt39iH5O1+NEPC/xrhDUuDiA1tCfaBOtCVjc4OWFd+MlOBzvfgNsB2uEMpM1
YIsp/hztjWdQ/nfsjgfTq7SeTgW+cpxFw6kv1QmuHevwC/gVPALbFtJtdAPsnFmgL/NOCsjrbao3
plbHlYkvkhpxLHlkmMTKyYxisaXYRK8BevMe9Jo6zl+MIr5i2WlG6lUsepo8wbIYKpmjtAdCoJkc
wNv2dA1fTQ8T1Vp6I5fm0bU4BQekY2VklCGF3qN3sRVWLS9qxFsKxbh58/F2HIFX4u1eMy4sDqRn
6Q/0R3rWERn1whnGPc9KCxqdBlXaXUwj/DIYEaQRZttpcsGwGIZhCzKOC9oui8CjlnDQ1GELknWS
tonLTgqNHYP5q+0u/NWOwSwnmV1NT3ZQZoRW2judjQZJR865mYqYa27GmHY243H4fbqJnqLf0iQc
LXjTCnqd3qAV2Au/iAdir3y6kOaw9Mf5UCqhWCLjSvOp0kpbSSvdHaw8C1PYTHAGTd2xI5WOwbUd
bJoOelpwFb9PT0pML2y5eOmaWATWsf0+D7R1NsWjVKBsbf99M3R2ZqUV8t+G99J/t7jg4LrC9dcu
0Eu0ddn9DTF3Vn9+JGlHzLXT2PaPpT8L+d96emx4Lzh08ACXpsNNV0a5nps+Y9OHK2MHvzDy+P5T
vzjBZOzvg/O/gv5QuTjTg5CCvy/eqxfvQZS0NwrS6nRlNewILKPhH5klnmrATfjnH8Ua8L0t/ytb
R4JiwJKRfAxkv2PPPcHd01Lj3l3r7Hvu5jbk2OWSjZHbKysqJh/ZVFIvdmCyb1vgYb/QY/7/aCPa
sJggfdOhYd7ixuIw3Ym8o8dVcSmvvFLs7Gxg81XBfPkKNawzPJ3grtoOU2Immz0ywZzOrCRz1/el
p+9jTfx03IGY7zo7v4s5MK6ykrjWt7bWQyNzQ3T0CH0EeEQXUgRCwfJVnS1cK9gzoOfKaE2VYoip
UnCtPrt8D546ddB3l8/sgndF+t94JFbMz+PdS1xcWs6caXFxKXZwwJNwP6zC4zRMb5DL+8MUFpLe
EM9G9xif9Gx6bhFcXkXFuAOx9Z2d9bEHxBowoKgIjOAOk4DHd4pCdHgaNgOcpqPWJkO65MeB3mo0
kGlub9OttJ0pF5SSNUo+zlDe58yXy2qCgs8tp7/TGjzMcA0rK0jBph2V/UiA/7Ga0aNLh4/AY3Av
SPPX6aWT2w6V5jDfwK5PHoENLPKtmWesjREED2xslcmjsuDZ2JX+UFlWVnpUod7uGx6cZnDlfkjz
+Up6/lpFF/D+oGNv6cmvx9rZWpAeUd/TMbBHcnkFWzMLCjK3FlRQ2q4rmTMnZ+4Xh8aWx541GM7G
lo+tIBNrm5tra5qbb9Nr9NeXBx0cMfzo1wuDgyC/OczjcUHBUkWBrZsPMWkPShunh45Wepqz4UMq
YmO3llRWTj249sQpki8uIjm7c47li0kKtZgTGnKfWXACeKMVauPOzyoa2/lPVADwgR25CvWvpnmy
gaaXRMGyBzY1TVUlcbwtlpLlbWJNpUJtWIpbxN/FEqIRLwHPE7mSVJCoUD++Y9Ja+TL4bAhcSHpa
99T9iRHWRiOGTT8e/1/HKlevTSusXL0utbCycnJZ9Pr9XHLse39cYybtyWYmkZy8nV/vFZP4wNIl
QbHd3oF5/s071n/iHRDBnGOMwLXS6to+/XT41GcYfWbJ/q0ZJSUZbVhF77X9Ru9jS+5ya11d683a
ml+zaS29Q+9CUI6F2FPjMSzjIWryQa6UOY7dKplS/akSoK+s7M50MqYr/YvEUkWv4h65jm93JU7P
mHzpOU9qT6IQCrtrVyoSfXd+jquo6K4nYmmP5AwpfvxPk1+5WSCfPRc4PeNUW27W4JkjsveB1lUf
W73yEndIZVl/TCwHl4YFCwJwR0I1qgHu5+wTrLY+u08woVyKT5F/cnJQ5uSTBQ9/8q9eEXZKF/9J
6P4p+z+7cjbsED+5dOhQP78pM+37Dd+enH1Yoznm7v7OnDd9Hfs7bI3PKRkEs3pCqD8QcoyxwFIc
3AJxDrWcpbolXodj6Mdv6o8ebcxLShJy6DdpYm6yz47dP5LANDyJ5UkpxMLbUjRBUbWCFDM6trvs
OeFSFk+fV1S8fmDtiVr8Pa4ihaJu9+5j+SSmI7ckLLiNY/vkRIjKOD5Q+mQibUOaidU4AAdU00Xt
fKDBjyvpyGVeXoCQwh3o+jA6K+kfPIZymgUVN6433bheQS82/fagCTiyuGWsdeRyWYZljHMirD+b
oT/seKCZ9NnT01Pa80iGT2ZsxgpvP609HW+cNrx2/Q6vRD/ex5DJrWA/yRANnK8yXfq5gsbdwkpl
pUUcscT66tyqwlxq8I8TDbe4bfgaGYU58R80UbxnuGvkw3plcle+l1VXK5P/qTf+bEQNEpMlidZM
oIaAQHesj8uozz23OVeZfMtQQN+iahqKp+N7xIlzu4We0cTdgiNYq7JSWVqT1Dh/asgtrMplilgR
FY4m/agonqODDEtvIUxSJb5k9qvkLO9Hcb6SKuapz+iitQahnIYJJanVuZvP5dZnxDFlzogXqYp+
hXfiO/g/uYXst7uVyJ/99jkPz254lPT76KyPkQ1cGfsEmeEZpj7X4z7foy+gF7CPqa9AahyGXkeR
KApFo9VoKVqCwtEa+OQwFAWjYXB2Q6MAtdALAgo7NBVo1iA9tNUoFOlQBBoBd2eilUD/CvReQysA
7dDcbll66SoUzqHA8x4cQ4Cy11+Y1aN7Vj+Y6T2YaxnwrARqpocOeP53M06D3jLgW4DWAkUw0Ook
aaESh06yyA6krIRjFNAEgdylQGcH/JEwu04ae1bOPEmKHjSKBFwOd9mseqCNlCS5wdxayP2eXF08
xu/oQZ0/se8Gei4Q9u0/nZ0SpfQ+QLPz8njpbPquIOnMRvp0c/QFavaWgjli0dEbRjDqB59MMNKg
4XAcAcieOlzh+CrohsHT7DPMWEAMenrD0Qc0wmgRIDbN3AtdQTeRL5rQBykvSROBHpDhCJ5njW9N
BD7zFoXpmn0nk9Sf/+cvMOB+IPe9v/Cmg7+RVvJbV7+HjKfu+/e4Xv2kT8Yg1JEG/QndrEPBTzbS
ux4vwnpi6Bm9J70SIgHX9wtGZ75W+q6lodCDjO57kD15mWc9RVfRTfdlN93hbjr0L8t5aCgKZW5k
c3RyZWFtCmVuZG9iagoxOSAwIG9iago8PC9GaWx0ZXIgL0ZsYXRlRGVjb2RlL0xlbmd0aCA0NTM+
PgpzdHJlYW0KeNpdk8uK4zAQRff+Ci17Fo2tp9MQDEP3Jot5MJn5AFuS04aObRxnkb8fS8f0wAQc
ONStqquSqnw9vZ3GYRXlz2Xy57iKfhjDEm/TffFRdPEyjIVUIgx+3Sn/+2s7F+WWfH7c1ng9jf1U
HI+i/LUFb+vyEE9fw9TFL0X5YwlxGcaLePrzet74fJ/nj3iN4yqqomlEiP1W6Fs7f2+vUZQ57fkU
tviwPp63nH+K3485CpVZYsZPId7m1selHS+xOFbbrxHHfvs1RRzDf3FzIK3r/Xu7JLl+2eRVZV2T
SWUyfSZ1gCzkIJ1JVplUgHQmXaG0KBXUQ54OKO2u9MReqNJR5UAMZwZnsiVWUwUvFi8WnzU+rczk
IoSyRmlQul1ZEzOZKnwqfFb4VPg0hjwJkefIs8zM7TNDaVBqlHZXUrOmpuZElhMZuju6mwh1EFNy
TMmQ58izzLpm1obTOk6r6G5Sd6nbQMylL8W7Q/KqqpaeEuca55Keer8ZZqqYqcKdwZ3lnmruyXCH
jju0VKlzlbb3uZ+kpqaf3WfKOdz+Zpip5hHvrzU957R1n7vi78uyrUlezbwfaTOGMX5u7zzNKSt9
fwFLUvTwCmVuZHN0cmVhbQplbmRvYmoKMjMgMCBvYmoKPDwvRmlsdGVyIC9GbGF0ZURlY29kZS9M
ZW5ndGggNDg2Pj4Kc3RyZWFtCnjaXZTJittAFEX3+opadhaNSjW2wQhC98aLDMTJB2gouQVtScjy
wn+fUp2iAxHYcHjDvfVqKF9Pb6dp3ET5c527c9jEME79Gm7zfe2CaMNlnIpKiX7stkzpv7s2S1HG
4vPjtoXraRrm4ngU5a8YvG3rQzx97ec2fCnKH2sf1nG6iKc/r+fI5/uyfIRrmDYhi7oWfRhio2/N
8r25BlGmsudTH+Pj9niONf8yfj+WIFTiCjPd3Ifb0nRhbaZLKI4yfrU4DvGrizD1/8XtgbJ26N6b
dU/XVUyX0oR6J6sSuQEi5oiZF8gmkjqRkomUo4smcyCzgzroQE+fyJtEVZ9INxA9NT2rBvIQzhTO
KktMQahr1CsUdFYwUAW10AuuiRlihjpHnWW1ntVaFDwKGrKQldT1dKGno6diDYY1WFx7XFtW6/ME
0TPoGeocdQbXDtcVmZpMfcCLg5iSyVPCmcKZQt2grtgjwx5pvNjshR0z7JhCwaBgIZ+JTJ8z6WLy
/nF6FKdHBqglRp2mrqKnzj2ZoM+7gmuHa4lrlU8W++DyqUPBoWCZoGeCkgkqJihRV6gb1B3qilNg
OAUaspAkMx72/WrlO7Rfsv0t+LzB3X1d4+VND0a6tft9Hafw+aYs87JX7b+/HcwRXQplbmRzdHJl
YW0KZW5kb2JqCjI4IDAgb2JqCjw8L1R5cGUgL1hPYmplY3QvU3VidHlwZSAvSW1hZ2UvV2lkdGgg
MzAwL0hlaWdodCA5Ni9Db2xvclNwYWNlIC9EZXZpY2VSR0IvQml0c1BlckNvbXBvbmVudCA4L0lu
dGVycG9sYXRlIHRydWUvRmlsdGVyIC9GbGF0ZURlY29kZS9EZWNvZGVQYXJtcyA8PC9QcmVkaWN0
b3IgMTUvQ29sdW1ucyAzMDAvQ29sb3JzIDM+Pi9TTWFzayAyOSAwIFIvTGVuZ3RoIDI2NjA+Pgpz
dHJlYW0KeJztnetyo7gWhZdwMuVup6vNm2nelDcjno7PpCbd3ueHjCxuQgiBMV5fpSq+6GbQkrb2
FgAQQgghhBBCCCGEEEIIIYQQQgghZFHUAnWU+gj8BiSDAkRaLbhAmf95cV6gPYSsihlFWOq3DBDI
cNI6JgMF+SSU+ui+zYv3rgS/AeTFhyevzdgo0P221MdG+SZx68ODkUZfje1C2s0OJ70IS73PkEmK
kgUAXqf8PLJ+TvrgjtMK8rP4n3ld6kOjG3m+NV+1sxgECvitsBNIfivhqPAF4FiN+O3sAuVK8V0f
AIjTLUv9piCNZKPI4rJ1Uuq3d31Q2LUUqBQggCATvApej8X5WJzNa4GSq2ibR08BCl8nfegc28g2
qBSo1PWtKvUBQKn3VYdQAiXVtyf9vcqq3H9Vxj+NnlS9fQFeAKhan/90W9JZo3JMuVK/VS9/N35B
Nt7is7xE53Qp9T7DrmV5KoF4prLOz80JUFD27MhVit/tEEi2hwDH4mxmFXPqFV5Qn2FKvTdDvGv+
CbJj8ctmzIvPKrGZoLJj8ct+4m+Dwg71qc/0RktWeTTUBMm1SSDCk/4myNxGCRTwEmdG5jfDYA/s
7JAmUO/6MGXSJ4+AkV9W6iPwhfqqLC8+K7F9NbJl+CPTzLqeGs9Ogr3U0r+l6oqTRGhM6lTya2CG
tIYUFYRT4iZRELs4FAjwCey6fBbVVHTLeHm/rSqneCJuNdq1osGsGDPs5NrDoSAJJ8P4waPUe7eh
AiV4zYuPtH6UvPjMi7Pgj1vRO1eJW8Su+pz5p93RVc/nUMMedb9s9m4audXVyHyxLxvGajSRIiz1
wRjQBmMlzufGzIvPY3GW2vj3RR1uCbn+vRobzy7t/vn71tFLva/mn1cnY2bGaOkJTjj8qaqymD5s
ohHv5qOT/p4X73lxPjrWptWbqhxINuN0YszRUv9QuNi3EhZFkGaU/oZSQT8mLz5cD7LRIQMYW6G5
2hcoBbkITvpwgbIxZ4FqnHS7VlSttWIjmQkwWPO1mlVdF6BxwJoab11W3faZWJesKIhdSQpwuk2M
6jJmUTZ6Jiz1wSpQhhQoDp4yQ9IYGqYp58MNUJ315nyQFx/G1yKAglQKdB0n4ibuLbj20bXzqJsC
b9ZvXpwrk9jUeE1gS8uLc158mL+qgN9WlnL7k3oMY4Bx86nxEdsqPSZ4iKJ62zQ0MbrNQPBUTFZL
qQ+evlTqN0CADNi1t7Y47vQj6nGvvmKrAtEXPyv1W2MfZan3wL6v9lbwQ0bt9xohwrrLSB37/bNT
FGjxS9HVoQJ+co8beVhGmKNZzRfavZgMtCpD8BeVF5/2OwFK/SNJpYQsT6gIS/3mdPruSTyV/ALL
tBY8AIULF4fkQQkVoXI8SIspcLDkvDjb9Xfm9YwRslqCROgGJTtXnCEKVP0M5vWUL/irejEYJiJk
jQSJ0NnA2YFfgSFKC1djm7x4t0F8TobkERkWobNXYPSFtmN15UnvlfrVS8TJkDwiwyK0srh0xTOm
74MJz9VXlzsZwgnlE/IQDIiw1Hv7ur0pIbkCJ+R9MVuK8uriMUIehcG9o7f9MeFMUaAtoVPhItJZ
OHfMkMdlYCaMENN0BaYth5CVE3oVRdsl0zlTLaCcvslwncxksd+RWXcFPyc+EVq/aMRtC5PQZ5Q+
BIMtdxM8Su+ceDoeawBdDL85mrVekFlIuOd2PtbfwgfFry5nb2YAHOQmwl7+nAROcc3OsVh3eTZh
r1mHz3YuFiNwJlxvz9geG9YhZdxJoHf0dTgJGaKzC44Kh66BwF+x2vavEHpc7gw7K0lzG/y703D3
91l0o3p8kkJC6Gzw4GQ4tnnhEZFlYifREdTA5g0mm9Jn0vYN/0xoSxxx66i0hCyQGml8Fx+GRQL8
yeYIJ4wdHSY2L7z9M90tYfDue4FfBTavc4yLrjF534gMUYwaHtZGdA+ISJacuObdV3UR5a8zcDpT
3wgM1q/ucEyk7zCNOnxpe8nEOwz4E7cLv0sXH1vpqnQ4X9/wi/B6oXraB0GthEETZW1ENG96p0+4
Jlz54e1jAc+ZT4T2eQAIvmI97YGeuEd81G1sBktY3gJ3C/d4AgJ/40omwwb3PcL+xoTflmVKH8Ng
iMI5AE3fzNwjxMTd+o3mRbS2nWVV4YTA37ie1WCbVR3hiKobR8wtYVRp6UMUqw00e9zQWKV1Gjdw
+F3/bYeNp5ZZbdF1dpKxNBbec4QoYPfKdC4LQ0JScSwWo3tQNnwcVvvTBhsW7dEdEGH98RoDj/xu
NCiiNf68qz09SVhm4u1bGW51pkpLoAc7bYgCqMUKL+1vPc2K8+bd3QgkxEPg2JQwRGGwu7dVp4/U
r8NUjoFtD8xLBtBC3KTbPtoTme4ObTAswvpdPWP2r0lFxLeGu/SJTof1KBd2IBMjMRsjiSk0kz3V
6KipukHgVRRX7VXPB24SPke3Gcy1THcMmR/s56nM5inldGYMLG0w/BXXpFFlTmn/xCxx2Io6z9qM
cUKDG7XvmwzTTtBuscnLDKdxuNtvI0oLGYACA2huIY+4nA5pf2As1LqXZjoO7TITHvzQ6wmtRdo3
GV6/TaqZhRXoibgs2cXH/uq4tvXVMt8x9x/e6eXfZQxK0vhQEdbvge9bGaY6i/daBy5faWADkrft
7j92kM4Wbq9jjLiyPnAyxGTTdCbLNrz25ClTFZi2xrQLmxBGndklx6MQRlU6KvEIEebFhz1pIU8C
HOs4inY03WWKSG54Bxa4sFADCVm5BX4bmOYuC5+0ySxj7zFzffCY1B/f66fTp5/W198o1t+SRhZ/
mwM/99flr2Lsb/e3DcFHIy2BB9ammXh4RxXiOVaBDQ5pYXRPHp2h1G92H+lx5DNDyXpY3hYlfUTc
be124UWpvyVsCiHPSczg506Gglc+G/Dh4DS4KmLuO5oXH3Zft8J/SdtDyNMRefNfwV/VS/XP36Ee
GrIGOA2ujfijX+of9uKmZYzSUu8VMgX5Wfw7d10bhiJcG/G3wc+LX45ROhw2nEipjwo7QAlv3T+N
huSowLszqUM7RilO+vvkxvgI2R5AAkkVniVJmCRC91JDgRp1/4tRnPQ3a0IJHxFFtsVU0y4vPsL3
lMZR6r01QaV+2xtCNkCC9ZV7gUXyxWGp9wo781qgcu7RIZsjjZNDqj2lAE7Be0pDUE4L65dTEbIR
0ogwLz6dNVuy7Wwn/R23NSeXgmSbpHSOlfpgixOoiRPXSX+rLwVpiJJtkjLmlhfnupMm3i4t9Q9H
gVwKki2TOPDtXvirgp/l1KDUe2cvztQZlZCVM8fuk9viTeFrrA7r7lA6Y8j2SS/CvHh3naWjdOgq
EADojCFPwCz7MPPiM0KHDQXySkXyJMy1GXqsDqlA8rTMeEVCuA6pQPLMzL6JflBgbnSxMwEh22aJ
K1laOrzk1VW5bkQeVCB5Sha6nKyhQwVcoOqP4FaCFyqQPCGLXtPp3qbNhRF58swseqsIdz+NRZBR
geSZucPdDUq9B3YKSgDQBCWEEEIIIYQQQgghhBBCCCGEEEIIIcvyf07HugMKZW5kc3RyZWFtCmVu
ZG9iagoyOSAwIG9iago8PC9GaWx0ZXIgL0ZsYXRlRGVjb2RlL1R5cGUgL1hPYmplY3QvU3VidHlw
ZSAvSW1hZ2UvRGVjb2RlUGFybXMgPDwvUHJlZGljdG9yIDE1L0NvbHVtbnMgMzAwPj4vV2lkdGgg
MzAwL0hlaWdodCA5Ni9Db2xvclNwYWNlIC9EZXZpY2VHcmF5L0JpdHNQZXJDb21wb25lbnQgOC9J
bnRlcnBvbGF0ZSB0cnVlL0xlbmd0aCAyNzY2Pj4Kc3RyZWFtCnic7Zzdeds6Eobf3WfvDzo4SAVh
KghSQXgqMFOBmApEV2C5AtIVSK6AcgXSVkCmArKD2QsQJECRkq0ktjbWd2MSmB9gPABmAFBwxRVX
XHHFFVdcccUVb4x/naRQkf6oNED9Y1/vf3N7LhonjGW+migs2T5u97+rMb8OSkHbAqA1W/tgi7Sl
qNE1gKIFiFRH1b3byhdALxuZwi7R53Xh9ZCLiCyBqBSRagkktijpOmG0bADVlD2VAagaBRjJXqTP
lJ1p8jTWGpQ2cbauRESkyfWv69jvQCnrvJIE3UiZFSJLyKTMK0l0nu+kzHNtpAS0VDiqHWBEMiCR
/AXadC4iImWiRhVRao24/EXd+j0oxWBkw04yQDeiyCTByAbIJAE8Y5WSAVEE5CIVLzTWohGRJlOT
lbqQ3msvFKUYIimVVACsJCWThMWksRyVfS3FzBnr31OqVLlStLcfsnayJXXy4QF0edHOtczXPChq
APYo4K5ZkU2QKmpUI1LCkodbZvs1ZSy9M3A/ZyqAOvlQQ1bq5zb99WESfV+4tS+ySxwU+56g9Z40
PG7RYEAzDgCOIWpEGnOSLBORSj9f7KuilDRSQCk3gK5Ek0mim0bjhqGWHRBJCaUsAancUpnNDMP/
HJTEuWL/T+2VRJFS0NZhRJpt1lqXX3zCS8J+D3BrCvPjr0Td1gD1/TL/4gjqrdk9sOABvu8y/eNv
WhZ838N6sQKTQ3vbHlcSNSKF6l9VWg7BVpXHPqmuLta3CtH2Ia5EpEmBVGKoGvdkmy+yAogqu2I1
FcBajOmCseNadCVS9G/qICytkhHxTv10z34Hov7JJLHqi5TyK03SR0YmjgDdUxpjzKm5S1UiZf82
GcH75tKVyN2LO/Kn4E6kUt2z3k0mOyK56umjRqxPv0MYETfYMVNu1TmX7jlSkUa9QUsvAJVI2j3e
9KZp8jTWOjJdnjOy1vq9DsRE+sDfOLuURvX1OqkOrKWawRnfFSqRyD7pzipNOiLJOmvt/JKXZOh/
CpKh252tdvqAyHRV/dhTjYh6nQZeEso+CuvC/skYyjmdcQXZe1wQdT9jdfbog4gQkV0m+3BMFevX
aN5lIe2Xws6x9Dxh4FrvEWU/vVvHyo5Rynuc1r3TnUbVHwAwJUD3MgVL0H5oz9UaKfu3rs+VAKD1
QdHPCXw+IpGNfVqddJzyp8ahWyJEpCnPPylaTiUX6bnSXoa4H3jWFNERWjtrrc7UlIf9O/OkSE3Z
Spoz2/RCDBGAXQqP0WoR6R3xxShHHayic6To1zfWsAev3La0Buh2+mdQtwAff1Eb9O7mDK76dqr0
/ifbchTDtrIKjfXfo2yt6gnPxJcalIq/aoDix/blErKNAiC5Ae43wOtN8IULrMyJwAHcSDpTUyky
BHE22ZyJf5+FTEQkOZ//+Zg8NwRQr6EdyD61gE5fSd1P4fB0p5ut/jrKpqE/eYsW6rFQyeeItn4s
QjrzVUfU9eNmXtT+2xpYrFqPKdJt+7TZO2WL7nTGvT2NtIxgPkcRdfu4HZjMgu/9m1qYTTe3xTfq
fqNvYkW7dzrM50jB/ulIm1m5wMmuybsjpAGJrkQkb9zKlvit7te94Kw/GIbuPXVviRMl7gy3CnZj
y/GgGw3DaFDaHy1r8UWs+1lGi4jcuYU0GrEHWkKkvcZG5MRmsfFCh36bsMNw+L3wi70Fb2wsMwgb
BWE3AJGIFyIbEWmCgDk0VqDU7VGmIl4MLeK2ARKfWDIgbryC+fsJcR9lriWQPQHbo3Toqo90qtm+
vLGxaKSP6/KQ6Qa6VNXR54FpYGSssPtu4cieZazEnm6FJT6GOWvfB05PMcByO28sqzcgaB9aPhuA
ZdEC6Aygfti30UIDd59mxW1jF4csEyur5nMMsHqq4fsaWH4DQCdAXcxJ0tYZtk+t/qoBvfw+34tB
/2ON/vhUgNFA+7BXlv3zrKLKDT01doUx7D+k8wXrWSsFLutLgc4FVlbgLpB34FmFK7D8hScrHzEc
OlbgWblIP0FmIm4gHvUs/15HJuISvdVRExR9ZSmDvAl0iXDXPuMZzr5YxkaGVUI14k0788ZKRETc
VqJupJs6B6naG1tBB7vGNL7olUg3kx81VurJSkX6ZDU6uMjnxVlbiO2TTSRMyjTuNEC99YoenIyW
bkQZBTwlFvEeN3an8DfYiOUGwA2c+h5QMbDdAsY4gm07J8gooKi7t6wFvs5qdfClbQCSancXa/bF
rB5QQxpqXctfwTwsbWXmGui/sBOxkf1ophUvxz3wrN4Jd+LHLLqX3LtWJSKNz0rgWUngQZTO5496
VuILW/XN3QXlQOBZ7RbVCbSTKcWUtZYZAHU2Uef9m/RBlZpkoPOHH46kl2Cf/gbYbgBjSDSwqecE
oYF2qP4xSziLtM/Eo/zghpCf7jzAwj7V3VAoDiINtc7swz8ntLYHJcUc6Q10AwB8mw5Pdmgu7QXG
yd2GQaka2P7CzzXUmHoS6YeHtnvU45uNfrqzuVNGWcqVXbnJkm9bn3zh7uTe7k8obQHuW6+gmKFc
JEC7dUxaOaZooKnvF2ByjTclzSk1fdMiV9TCs7PdOsGYj0YBOk3n6bJh8rGrvYhI1W/8muEKUjYw
hXNW6eYsm0lMqgnnrBtP4OpQVreGql61mWi1m3j0MB3RzUgbgFjEW2WPzVnKtSsVOb4Dqr0sZ7CW
SFXmeb5rhoLMY5oxVpjxGX+r3TeWurMa9CDL5mhuIXEBh7s3cBjQ+KFDKdJnKTbCScBFjsaWr48Y
azmkSLsTxqL07TAsDGOkPs+csWywmkeAycU/tS5FRIzWOkruuv9A5FfJXTQk4c5YzrX8rh0aK7Y8
BlTaeL5hhS0jVCd32lg2jEsiUEuRE7sJJkig+zszIUZfC8wZy4aaIk1lu7kJjRUgCYQF6EPZbpfw
sNFBbrgesZsZudPGikZUaagp3PzbblEDQfHlgQO0t5+2h6VTSDYAqO6iZj1LWH8q+gbMp3L2Wv6R
pRCAb/vg9XbbyT3FZ7Hfhg0rJqkczGhvRhehd5WHX6hEwX9n7f/3s4GxyQaOcHyPPnqJB4XhdK+r
acca7b/40pt4oMokgOdZxhfmk528iV0cLGEmKysRkabK00nulUjZ9zeqpEn6KmfrKjBIcMia+jUe
T1MaMv/SUzIy+YB1uOLooplQ2n1xJFKapM8CVOnfzbZkq51MscPhx5l6p/i0P2iPUvVUM6cqzb4N
KiPaOihhCO/bcYVFpDoeX3KlgQ+TzdBjOZGCfXtAZ5Rqty0o1TPoielBRUy0eQrZke2Gt0Qicnl3
UVT1ahcGXoRK5AIvr47n+MuAuUTHAtZDZnA5KEWO31V5I6hmbifr7aBELvFfCMSHG2wT0OvF72+K
g2rklY7oX4z1M1ZEVZ191+Ec6LJKX1HdC6Cq01/X353Iyd8PzDgLOMDiWUP1fSA7kRnp5lKnkLdA
eXQzR1fn3yj9A3H8G9X1dcIKEDXzac/yYj8kfyuks5P84jKD6TdFNpwdBIjl1I3T94hicrTp5mqr
CajdhLXCH364osfET4Jc8O9evDV0Nfr0V1c/d2f9j8bIty7412cuAYF5rrY6Ac9AUXO11Qnoqvt5
h8Vzzh3fO/RORHJTin+YesUc3In46q0b8n+BpBrdHHifOP1D1ADo+PN/ve+2rrjiiiuuuOKKK664
4oq3wf8AXwiomwplbmRzdHJlYW0KZW5kb2JqCjMwIDAgb2JqCjw8L1R5cGUgL1hPYmplY3QvU3Vi
dHlwZSAvSW1hZ2UvV2lkdGggNDIvSGVpZ2h0IDQyL0NvbG9yU3BhY2UgL0RldmljZVJHQi9CaXRz
UGVyQ29tcG9uZW50IDgvSW50ZXJwb2xhdGUgdHJ1ZS9GaWx0ZXIgL0ZsYXRlRGVjb2RlL0RlY29k
ZVBhcm1zIDw8L1ByZWRpY3RvciAxNS9Db2x1bW5zIDQyL0NvbG9ycyAzPj4vU01hc2sgMzEgMCBS
L0xlbmd0aCA1NzE+PgpzdHJlYW0KeJztl8GS2yAMhn8l8Uym3s7iN2PflDfD2dltO01r9RBDCAYh
2+mp1eSQOEifEEKSgX9ZaJuatwb4DUzBCA/u8+/ivTXAVVZgYJUfKry35oCfrPaVwK/u23Pw3vaL
RcTgRJ0AJgDzw1kY3eDGXfj3t35KbDIIONWMensGjqlFxjS47xvxF/slBlwGL5w4UYiE7EEV7+1X
mhN7dULh8cgYNLiP4rJDRfm8hw1gcJ/x0AjsrVmBP+AY2LTtQgcPKBi8avHenqPjtaCpPZjVGfD2
RYVPt76HrTFSwD9r65mRYgacst/evtwcYDQkDabsKN8v2K/sr3LqNeViewLHz8X2Or18U0v8vEJI
eG/7zEwtszJTS1j+RJNsVFpF7eMqpOG24LdJSlniN1+2tiKHSlrFx33VyiQqV5nrIfH3xMxxwu7L
ZRLA4D4yD9R9oX32x/LCggcdgxjE6GR2YurYcAfAeK881Uapl9h5CXhdeCkVXc1dakoETOXrWpIx
JMvOACRDB5mSnfK9j5klTAoKtkkGnry5SPg0t2uTQlOiIoNqQ6JQ9U5BGe9vyo5yl8e+UN66hB/c
GPUnlqpQiX1Owi5N+41K+Tiwtl8bAjsdFaXMbbScdFwkXJsx8Nbo2VA2mDGZJoQYeGsoyVOjKMOq
hsvo4vdaDDJ2qiKItr2mJ4pFDJZsTZaswAseyJ49DV8iHQBQMkSsYq/GLz1IZS0bG2a9wf24dfpH
MG1gY8dkd3uP74AJm8D/BfgD5S7/bAplbmRzdHJlYW0KZW5kb2JqCjMxIDAgb2JqCjw8L0ZpbHRl
ciAvRmxhdGVEZWNvZGUvVHlwZSAvWE9iamVjdC9TdWJ0eXBlIC9JbWFnZS9EZWNvZGVQYXJtcyA8
PC9QcmVkaWN0b3IgMTUvQ29sdW1ucyA0Mj4+L1dpZHRoIDQyL0hlaWdodCA0Mi9Db2xvclNwYWNl
IC9EZXZpY2VHcmF5L0JpdHNQZXJDb21wb25lbnQgOC9JbnRlcnBvbGF0ZSB0cnVlL0xlbmd0aCAz
ODM+PgpzdHJlYW0KeJy1VVthhDAQnFbBSoiEOCh1gINDwjk4quCoAloF11MQCdRBqIJQBdOP8FhC
KD/t/MBOZneHZAHgP/CwpYwV9MPnUaacXSBJMrjqV+Fl1EX4y64BezPA8Hkfeoh9KgD0z3225olk
qGW2XHmS55zyQrIRzZgmry1z9JlkkZLGk9W2QEUGSbiWrHO2arJNipI+pwRcaqHNeIooyGZFhL2i
gJvcPsZUwasqVNeqxR1iVWZNLmFLktc5tOtNfCPn+yoOQD0T6z1wymo3zspMeDrlVUM2zIgoHZSg
X10ACL6V9AtippWXeHmfYisqDSj1U9aeDEtYkaX2F0brMSoKZdiRK/u33YO16bwU1GU1ttOxGaDF
6S2hCtLLVimeNCnZ6HOfcU1HcMo/ZdrnelkyJL1MyLQHgDPpVwvG77xwQEN2qp34nNERTmulI7s9
JcQvWunyj6TdRa10qfOs1gDmUBm1viz9sTLWI9d7sQdpuPl8Asj+NmCsfAzHNf8GPxx1CHgKZW5k
c3RyZWFtCmVuZG9iagozMiAwIG9iago8PC9UeXBlIC9YT2JqZWN0L1N1YnR5cGUgL0ltYWdlL1dp
ZHRoIDQxMC9IZWlnaHQgNDEwL0NvbG9yU3BhY2UgL0RldmljZVJHQi9CaXRzUGVyQ29tcG9uZW50
IDgvSW50ZXJwb2xhdGUgdHJ1ZS9GaWx0ZXIgL0ZsYXRlRGVjb2RlL0RlY29kZVBhcm1zIDw8L1By
ZWRpY3RvciAxNS9Db2x1bW5zIDQxMC9Db2xvcnMgMz4+L0xlbmd0aCAyMTU3Pj4Kc3RyZWFtCnic
7d1Bchw3EABBr0P//zJ99QlhCUagUZt5185wSVXg0D3z+fn5+QvgfX/fvgGA/4ecARFyBkTIGRAh
Z0CEnAERcgZEyBkQIWdAhJwBEXIGRMgZECFnQIScARFyBkTIGRAhZ0CEnAERcgZEyBkQIWdAhJwB
EXIGRMgZECFnQIScARFyBkTIGRAhZ0CEnAERcgZEyBkQIWdAhJwBEXIGRMgZECFnQIScARFyBkT8
unXhz+dz69KH/Pz8/PG/PfdtrO/q1nXXdu7q3HV3Pnnnui86912tOZ0BEXIGRMgZECFnQIScARFy
BkTIGRAhZ0CEnAER17YC1m5NFa+9OEN/btL9xVn2W3P/O2be1czfvtMZECFnQIScARFyBkTIGRAh
Z0CEnAERcgZEyBkQMXQrYG3mdP6OmT/Rzgz9zr/1W/jvXrznc5zOgAg5AyLkDIiQMyBCzoAIOQMi
5AyIkDMgQs6AiCe3Al50bsL+lm97C8GLv6Nv43QGRMgZECFnQIScARFyBkTIGRAhZ0CEnAERcgZE
2Ap4Xm9afeZT6s9tQfB/cToDIuQMiJAzIELOgAg5AyLkDIiQMyBCzoAIOQMintwKeHEC+9bs/rnr
7nzyuTcJzPzkc2be1S1OZ0CEnAERcgZEyBkQIWdAhJwBEXIGRMgZECFnQMTQrYAXn3C/tjNxvvNt
3LrujnP3fG6G/tauAv/mdAZEyBkQIWdAhJwBEXIGRMgZECFnQIScARFyBkR8PGt8gpkz5bf+Nma+
OcH/lPmczoAIOQMi5AyIkDMgQs6ACDkDIuQMiJAzIELOgIhr7wqYOa1+ax597dy0+rl3BdyaoZ+5
yTDzL7a35+B0BkTIGRAhZ0CEnAERcgZEyBkQIWdAhJwBEXIGRFzbCtjx4uz+ztT4zMnvmTPlt966
8OLc/8y/qx1OZ0CEnAERcgZEyBkQIWdAhJwBEXIGRMgZECFnQMRn5nTvzNnuc9sIa982273W+y3s
2Lmrc//2FqczIELOgAg5AyLkDIiQMyBCzoAIOQMi5AyIkDMgwrsCfuOTb01R35r7nznpfu6Tb/28
5/Tm/teczoAIOQMi5AyIkDMgQs6ACDkDIuQMiJAzIELOgIhrWwG3JpJvzf2fmzifuW/w4vc8cxth
5l3tfPI5TmdAhJwBEXIGRMgZECFnQIScARFyBkTIGRAhZ0DEta2AW3P/O//2xSfNz3ze/4s7A2vn
rtt7ov85TmdAhJwBEXIGRMgZECFnQIScARFyBkTIGRAhZ0DEta2Ac3rz6DuT3zOn1WfOst+6q5nf
xtrMe3Y6AyLkDIiQMyBCzoAIOQMi5AyIkDMgQs6ACDkDIj4zp3t33Hoe/NqLT6nvXffFtz3ceqvG
ue/5HKczIELOgAg5AyLkDIiQMyBCzoAIOQMi5AyIkDMgYui7As7NHN+a7O9tFMycvz83jz7zXRDn
3tgwc+5/zekMiJAzIELOgAg5AyLkDIiQMyBCzoAIOQMi5AyICL4rYO3crPOLk+63zPyuzk32z9zr
mLnnsMPpDIiQMyBCzoAIOQMi5AyIkDMgQs6ACDkDIuQMiLj2roBb0/m9Sei1mfP3t2b3z30b59x6
ov+tPYcdTmdAhJwBEXIGRMgZECFnQIScARFyBkTIGRAhZ0DEtXcF3Jq/v/U8+Jn3vHPd3tPx1178
5JnXPcfpDIiQMyBCzoAIOQMi5AyIkDMgQs6ACDkDIuQMiPi6rYC13vz9i9/Viz/Rjpnvr3hxZ8Dp
DIiQMyBCzoAIOQMi5AyIkDMgQs6ACDkDIuQMiPh1+wb+xK056VtPx1+7NVO+c92du3pxWv2Wb/uu
nM6ACDkDIuQMiJAzIELOgAg5AyLkDIiQMyBCzoCIoVsB5ybdZ86jn9soODe7f25noPdNnpu/n7mp
covTGRAhZ0CEnAERcgZEyBkQIWdAhJwBEXIGRMgZEDF0K2Dt3Hz2zGern/uJ1l6c7J953ZnT+TP/
2nc4nQERcgZEyBkQIWdAhJwBEXIGRMgZECFnQIScARGfmZPuO27NZ3/bN7lmZ2C+Fzdk1pzOgAg5
AyLkDIiQMyBCzoAIOQMi5AyIkDMgQs6AiGtbAd/m1iz7Obemxl98ov+L38bOdW/9xTqdARFyBkTI
GRAhZ0CEnAERcgZEyBkQIWdAhJwBEb9uXfjbnry+ozetvnPdc/d8a2dg5oT9zLtaczoDIuQMiJAz
IELOgAg5AyLkDIiQMyBCzoAIOQMirm0FrM2cOb41nf/iewbOPYd+5nV3zJz7f5HTGRAhZ0CEnAER
cgZEyBkQIWdAhJwBEXIGRMgZEDF0K2DtxWfnz9xzOOfFJ82v7WxuvLhv8OLOgNMZECFnQIScARFy
BkTIGRAhZ0CEnAERcgZEyBkQ8eRWQM+5p+O/ONt9a/7+xZ2QnW9jfVc7v4VbWx9OZ0CEnAERcgZE
yBkQIWdAhJwBEXIGRMgZECFnQIStgBHOzcHfmke/9ZT6mU/0nzlDv/biPonTGRAhZ0CEnAERcgZE
yBkQIWdAhJwBEXIGRMgZEPHkVsDMKeq1czPW594VsPMs+XPOPcP+xW2EF/dJznE6AyLkDIiQMyBC
zoAIOQMi5AyIkDMgQs6ACDkDIoZuBbz4nPIdvQn7tVs7Euec20bY+YnO/Y5m7gw4nQERcgZEyBkQ
IWdAhJwBEXIGRMgZECFnQIScARGfmdO9AL/L6QyIkDMgQs6ACDkDIuQMiJAzIELOgAg5AyLkDIiQ
MyBCzoAIOQMi5AyIkDMgQs6ACDkDIuQMiJAzIELOgAg5AyLkDIiQMyBCzoAIOQMi5AyIkDMgQs6A
CDkDIuQMiJAzIELOgAg5AyLkDIiQMyBCzoAIOQMi5AyIkDMgQs6AiH8ACPLuRQplbmRzdHJlYW0K
ZW5kb2JqCjMzIDAgb2JqCjw8L1R5cGUgL1hPYmplY3QvU3VidHlwZSAvSW1hZ2UvV2lkdGggMzAv
SGVpZ2h0IDMwL0NvbG9yU3BhY2UgL0RldmljZVJHQi9CaXRzUGVyQ29tcG9uZW50IDgvSW50ZXJw
b2xhdGUgdHJ1ZS9GaWx0ZXIgL0ZsYXRlRGVjb2RlL0RlY29kZVBhcm1zIDw8L1ByZWRpY3RvciAx
NS9Db2x1bW5zIDMwL0NvbG9ycyAzPj4vU01hc2sgMzQgMCBSL0xlbmd0aCA0NTc+PgpzdHJlYW0K
eJzVlc1xozAUgJVM7o8KlAqQG5BTwEoUECqInAKM04DlBsAFLEoBpgJLKSB2BagCXgXag3YdduMJ
3jAc/B1gENKH5v2gmxACmYbbibxXq76LN0Ssqq0xZowLADjnRbEEAELITUyjlJlzDgDi6PdARETk
nDfNjhBCQgjWWoBECNl1XRhB13VCSIDEWhtCuCWEeO/jFRHHBOR4PJ5UpJ9G7z1jM6033/NqvZEy
i9LIh1oIQSnVWjM2688YxHsvZaa1BgClns6qfzTNLs8fvffz+UNVVZd4q2o7nz845zjnh8N7mqYf
70IIdV0DJHVdx2yUZUnpPUCi1KJt28GkUXpflmUc7KvOtIxSyto9pdQYI2V2ttidc4zN4mat3Sul
Ps85342U0sPhvSiW3vvF4nm1ejkVDyKuVi9SZohYFMum2VFKzwfrc0D6tG2bpgwgSVPWtq219vQY
i/cf+qq7r7NEKbV2r7Wuqi1jsz8ReyqKYrBvB9SEEABYr9dpmmq9QcS6/sk5H1x1kTqS57kQIn7p
wiWXqv9LGrnOo+B61bGdjHkd+b9GRGNeT8IJD7DfakTUWjv3NnLjef6olPrr2J2C662QifgFx7GI
DwplbmRzdHJlYW0KZW5kb2JqCjM0IDAgb2JqCjw8L0ZpbHRlciAvRmxhdGVEZWNvZGUvVHlwZSAv
WE9iamVjdC9TdWJ0eXBlIC9JbWFnZS9EZWNvZGVQYXJtcyA8PC9QcmVkaWN0b3IgMTUvQ29sdW1u
cyAzMD4+L1dpZHRoIDMwL0hlaWdodCAzMC9Db2xvclNwYWNlIC9EZXZpY2VHcmF5L0JpdHNQZXJD
b21wb25lbnQgOC9JbnRlcnBvbGF0ZSB0cnVlL0xlbmd0aCAyND4+CnN0cmVhbQp4nGP8z4APMOGV
HZUelR6VprE0AA45ATsKZW5kc3RyZWFtCmVuZG9iagozNSAwIG9iago8PC9UeXBlIC9YT2JqZWN0
L1N1YnR5cGUgL0ltYWdlL1dpZHRoIDMwL0hlaWdodCAzMC9Db2xvclNwYWNlIC9EZXZpY2VSR0Iv
Qml0c1BlckNvbXBvbmVudCA4L0ludGVycG9sYXRlIHRydWUvRmlsdGVyIC9GbGF0ZURlY29kZS9E
ZWNvZGVQYXJtcyA8PC9QcmVkaWN0b3IgMTUvQ29sdW1ucyAzMC9Db2xvcnMgMz4+L1NNYXNrIDM2
IDAgUi9MZW5ndGggMzAwPj4Kc3RyZWFtCnictVZbEsMgCASnv43c/5QkB6j9oEUqPqJpmMwk42N3
xYUW4LZA/SKi6gpmvgRNRCk1VuAiepCX4CKWj0y1DtSPB3wlpwT7XqrrnOas6jsiQ4d/swT4eqB6
cJ1aSPdHqtxYdT+iH5uBviN+oH1Ons91h+TTxkjwWyDqvLWqyapbOb1ajRreDMvVmKGZWYS/Xs2R
RWgNxFImImwb+ZX9KBPsr05HUoLjYLtSPlo3Ubk77VYKZNFDAGb2bUtSZ2ma0IVMi5XSB0i7bsEh
BHXHVR0tGVAgPwWm7zNzs0GspVh2DaA76MMtAt1rT+prRIiRZgtn0PkEXa9r2yYIxk2Vma388wSP
kxJs+QhBjOS9bGP6J6SwYAYyHh875AyHpxmUzDINXPgjNxFv8ETCRwplbmRzdHJlYW0KZW5kb2Jq
CjM2IDAgb2JqCjw8L0ZpbHRlciAvRmxhdGVEZWNvZGUvVHlwZSAvWE9iamVjdC9TdWJ0eXBlIC9J
bWFnZS9EZWNvZGVQYXJtcyA8PC9QcmVkaWN0b3IgMTUvQ29sdW1ucyAzMD4+L1dpZHRoIDMwL0hl
aWdodCAzMC9Db2xvclNwYWNlIC9EZXZpY2VHcmF5L0JpdHNQZXJDb21wb25lbnQgOC9JbnRlcnBv
bGF0ZSB0cnVlL0xlbmd0aCAyODM+PgpzdHJlYW0KeJx9k111hDAQhb9ioKmD1AF1QB3goHFQHBQH
UAW7q2Al0DrAweAgOLh9gGV3Sbp5mpz7M3cyJ/DwPAGuBpjHKcsooyRJVmbV5r9HoPqYX+eUUOmw
FL2qBCzYFCOpe8HEywVO1UCMW+FSNT/OL/XJJe4F/FIv9XPOG68BgA9ZYg4wyAG1VGfljVrgrDaL
4mJ0UP3jDa06oL88XyI3VeBMX3l8MfYr7upqh/fqAG/qHHWU4rm5pazG3mSfUn+03f59VAO4XlIA
ynDU7QrKuDSuh7DNE7jBTd1dnqBAsd3G96kxv4t8hZneTt4Oe8Kdn+lKCHe91zwmDcEDHHIb9MEk
2bntlCRZZ2iGKCmWyyfKUtw8zQ9SLucPAueO8wplbmRzdHJlYW0KZW5kb2JqCjM3IDAgb2JqCjw8
L1R5cGUgL09ialN0bS9OIDIyL0ZpcnN0IDE1Ni9GaWx0ZXIgL0ZsYXRlRGVjb2RlL0xlbmd0aCAx
NTI3Pj4Kc3RyZWFtCnjaxVdbb9s2FH7fr+DLgARdJN5JFUWxXJomWNsEcXqb4QdaolJ1jmRYMtD8
+32HShq3y9akaDHAFnkOD8mPPFcKxplkyjPFCsk0E7pglmnLmWPWG+aZl44VrHAFE5wJAUoIJqQH
ISEuPROKCcvBx3SHOQK/gj6WSW4FPvgVBZPoKg6mZNIViknNZEFMw5SQoC1TtA62UE7xX548yc+v
lpHlp+Ei9vkfTdWzqQXgs1m+363bgYmnT0nqdNVV6zKu2NbbGPqr01WDMSsyuZ2fN8Misq3nsY2r
MMSKnR4cbo+zxrX3wxAW3cW4BxO0en6yHhZNS2TaLX8R2gu2Fdvric8+Dc8nA1ZjIILIOLVlIDT5
7jW5v0skGO9O5h9jORCvmWvrrKtN0K72ItTWSRcctyqW1ipT4Sp82rAxVR2MLEUhuZZVCJAvS13P
a/SMnkfBFB8lfYkl56ay83nhAy9jIXjla22sDtI7D0k5ShbErFWlChV8WRvlfDXXMvCKK+k9FKHU
KDmX3Ktyjt1EXc8rwesI/fnSz4WNWBeShiRxvNMwDHHV4nggJh9C1eCqEnHYQQlQZZL7Upf4rCKp
L233MlZN2Os+sSkdyRQmk86YQjCvReZ94awmfbcDpvQsbZyfxb5br0qoSCd6t207DE7TdixdIoyW
voKPjRgbOTZqtKLzVXP5rZ33FjFW3xDaPGCCkk/W8yGRL5r2L8CFBUy1ygx5QqYENEF+Y7OCG2fh
D5xnBgtiuwmZylvGyZjY7arl0HRtPmH567Nj+rOtfr1cdqvh966NVbgacB99thy2yerug0Zpn2mj
tJGbmLQoMmG4dvq7MA1x8fiRMuJXLGk9vspzfHFf98aFqGCKTGurOYUjm3FrfWEY4Ba28Fo+BM9l
aBZD9/iuqyq7y/vfFQBZSTFQmcwVhitEOyUzbz1dlANGur0fhOwBShRWZRzB02wAkxLAlBPGfx+y
D8Ow7B/n+ZeQ8ntj0rgYVyCyb4IyHOHYG2XsDwUV23yZkgOC0GW/E9pqp+zaqqH5/f0hG8kzXKVR
m4iduPH0/wPxmLcm67aPw2/sMFQdgyw7D8vQs7dh8RcF2nOsup0fxH64Towsf/f+TyY8cw6GYeCD
YH/Olvlhs4KoMNdZ7bZ/E5DtRrhOCJ7Usa45ghTnFrckCs6dpD7naLj1Y3+T5zT69ZfjtgSfP/0n
VE3lAkIOQoTXt1D5Z0T6FtE4JG9OoTdOob9OM5R9sFm5apZDt0rkq3BJmnp39v5s79FB/BjerHcm
oe139rpFlSQOw2WzuGJb4yCjwe38cBEukGaSwN51HtiRSIBCcCqaYBTHKCGacre9wIXxfLcvCTlG
6LipT/KoNJZHsbn4MA5Nhnj5hnmeOkfUSQiaRURV5e46zq3l7h8fEIOGZL4X+phy7b8eDeKTqx7b
HLd1RzZ7Fi+afljhpLtVN4/b+cmqiisyqK3jCnib4Wobuy2Xi3hJ8MnYsch59/z44GVYsvxGCo4w
VSmVzMiSpoj2yCDwe8/BKKDpwjL8Z1Tb3RAjQ2m4HYkpjDhEUUqDDlyPysZ6Rf8Z05BSTqKTpAyz
ys0QTNjU4+NQsKAFA2IwQcyBqHHjgqSfGVjYGBMdbNug6KTWOuB1NAeEQ02gNCQdSVozEqibpjSC
AE9TwMDxNOYbSkUQTYMG26FsnqaO9GBN09FloX06L2FFLJl6wWezr4yS6uL/VDPx+D30e969bpuy
qyJdOfnEsxYUqfOzonaOrm2xCjCyjgqpqUwl0exeXnOyf/Tq9enm1t/jMAgIP8lh/Hc5zB2n+vm+
ImB78AyXXERQbcEZ/jMKYlNPLzGcRuHZlFoYj4WH3OevyDVwzdN0zxbhlKI/SiYkA9B4BhjyA2dG
t5IFdWCbxmCeJkgwWgd7t+Q35FLIiHhGidGlsOC1N6F6phFjOBslKNHLsa+oHPKjMxnUSyDwdtRp
wIobIbgQjm7oyVHINGbQ+nQ18CEQd3iLfpi33KHcW0eR6iGOYjYcZXRCesOml2LahKJbwvY3egUt
OwplbmRzdHJlYW0KZW5kb2JqCjM4IDAgb2JqCjw8L1R5cGUgL1hSZWYvSW5kZXggWzAgMzldL1cg
WzEgMiAyXS9TaXplIDM5L1Jvb3QgMyAwIFIvSW5mbyAyIDAgUi9GaWx0ZXIgL0ZsYXRlRGVjb2Rl
L0xlbmd0aCAxMzA+PgpzdHJlYW0KeNolzLENgmAYhOH7QBEEQQUtLOgotDcxhp4BTExsNRJiYXQH
p9B53McN8C5/8xRvcgeg7z1UgDDhCd+QuTYQQxGIkQhFJMYiFomYiNSWCWBVS3YX95KJqZjZ/u7a
XOSiEAur31w0P3L4kOOXnEpyfpLrmrQr0m3JbUMeL+APSSYQ4gplbmRzdHJlYW0KZW5kb2JqCnN0
YXJ0eHJlZgoyODgwNAolJUVPRgo=

--===============1750195281784781740==--

-------------------------------------------------------------------------------
