Content-Type: multipart/alternative;
 boundary="===============2912034147259785543=="
MIME-Version: 1.0
Subject: Your New Password
From: default-email@example.com
To: teodorathome@yahoo.com
Date: Tue, 02 Jul 2024 09:27:33 -0000
Message-ID: <171991245325.22679.15844003740700722534@teomeo>

--===============2912034147259785543==
Content-Type: text/html; charset="utf-8"
MIME-Version: 1.0
Content-Transfer-Encoding: 7bit

<!DOCTYPE html>
<html lang="en">
<head>
    <meta charset="UTF-8">
    <title></title>
</head>
<body>
    <h3>Dear Teodor Britcat,</h3>
    <p>We created your account automatically.</p>
    <p>Your new password is: 22TCZuPUPt</p>
    <!-- You can add more HTML content here -->
    <a href="www.onedaytours.pt/en/login/">Log In</a>
</body>
</html>

--===============2912034147259785543==--

-------------------------------------------------------------------------------
